[31-Aug-2025 14:30:03 Europe/Istanbul] PHP Fatal error:  Cannot declare class Response, because the name is already in use in /home/webimvar/public_html/core/classes/TemplateEngine.php on line 197
[31-Aug-2025 14:30:27 Europe/Istanbul] PHP Fatal error:  Cannot declare class Response, because the name is already in use in /home/webimvar/public_html/core/classes/TemplateEngine.php on line 197
[31-Aug-2025 15:13:33 Europe/Istanbul] PHP Fatal error:  Type of User::$table must not be defined (as in class Model) in /home/webimvar/public_html/ops/models/User.php on line 4
[31-Aug-2025 19:51:02 Europe/Istanbul] [router] Call to undefined method Router::run()
#0 {main}
[31-Aug-2025 19:54:02 Europe/Istanbul] [router] Call to undefined method Router::run()
#0 {main}
[31-Aug-2025 19:54:03 Europe/Istanbul] [router] Call to undefined method Router::run()
#0 {main}
[31-Aug-2025 19:54:04 Europe/Istanbul] [router] Call to undefined method Router::run()
#0 {main}
[31-Aug-2025 19:54:04 Europe/Istanbul] [router] Call to undefined method Router::run()
#0 {main}
[31-Aug-2025 19:54:04 Europe/Istanbul] [router] Call to undefined method Router::run()
#0 {main}
[31-Aug-2025 19:54:04 Europe/Istanbul] [router] Call to undefined method Router::run()
#0 {main}
[31-Aug-2025 19:54:05 Europe/Istanbul] [router] Call to undefined method Router::run()
#0 {main}
[31-Aug-2025 19:54:05 Europe/Istanbul] [router] Call to undefined method Router::run()
#0 {main}
[31-Aug-2025 19:54:05 Europe/Istanbul] [router] Call to undefined method Router::run()
#0 {main}
[31-Aug-2025 19:54:06 Europe/Istanbul] [router] Call to undefined method Router::run()
#0 {main}
[31-Aug-2025 19:54:06 Europe/Istanbul] [router] Call to undefined method Router::run()
#0 {main}
[31-Aug-2025 19:54:06 Europe/Istanbul] [router] Call to undefined method Router::run()
#0 {main}
[31-Aug-2025 19:54:38 Europe/Istanbul] [router] Call to undefined method Router::run()
#0 {main}
[31-Aug-2025 19:54:42 Europe/Istanbul] [router] Call to undefined method Router::run()
#0 {main}
[31-Aug-2025 19:54:44 Europe/Istanbul] [router] Call to undefined method Router::run()
#0 {main}
[31-Aug-2025 19:54:45 Europe/Istanbul] [router] Call to undefined method Router::run()
#0 {main}
[31-Aug-2025 19:54:45 Europe/Istanbul] [router] Call to undefined method Router::run()
#0 {main}
[31-Aug-2025 19:54:46 Europe/Istanbul] [router] Call to undefined method Router::run()
#0 {main}
[31-Aug-2025 19:54:46 Europe/Istanbul] [router] Call to undefined method Router::run()
#0 {main}
[31-Aug-2025 19:54:46 Europe/Istanbul] [router] Call to undefined method Router::run()
#0 {main}
[31-Aug-2025 19:55:07 Europe/Istanbul] [router] Call to undefined method Router::run()
#0 {main}
[01-Sep-2025 06:58:38 Europe/Istanbul] Dashboard stats error: Database query failed
[01-Sep-2025 11:38:25 Europe/Istanbul] Dashboard stats error: Database query failed
[01-Sep-2025 11:43:41 Europe/Istanbul] Dashboard stats error: Database query failed
[01-Sep-2025 11:43:58 Europe/Istanbul] Dashboard stats error: Database query failed
[01-Sep-2025 11:53:40 Europe/Istanbul] Dashboard stats error: Database query failed
[01-Sep-2025 11:53:47 Europe/Istanbul] Dashboard stats error: Database query failed
[01-Sep-2025 11:53:54 Europe/Istanbul] Dashboard stats error: Database query failed
[01-Sep-2025 12:03:52 Europe/Istanbul] Dashboard stats error: Database query failed
[01-Sep-2025 12:19:53 Europe/Istanbul] Dashboard stats error: Database query failed
[01-Sep-2025 12:26:16 Europe/Istanbul] Dashboard stats error: Database query failed
[01-Sep-2025 12:31:02 Europe/Istanbul] Dashboard stats error: Database query failed
[01-Sep-2025 12:33:20 Europe/Istanbul] Dashboard stats error: Database query failed
[01-Sep-2025 13:19:31 Europe/Istanbul] Dashboard stats error: Database query failed
[01-Sep-2025 19:50:42 Europe/Istanbul] Dashboard stats error: Database query failed
[01-Sep-2025 19:55:37 Europe/Istanbul] Dashboard stats error: Database query failed
